<?xml version="1.0" encoding="UTF-8"?>
<!-- Generated by org.testng.reporters.JUnitXMLReporter -->
<testsuite hostname="ASHKARTHI-HP" ignored="0" name="Default test" tests="3" failures="0" timestamp="2021-06-09T09:57:45 EDT" time="13.529" errors="0">
  <testcase name="TC_1" time="3.985" classname="com.test.pageTests.Home"/>
  <testcase name="TC_2" time="3.758" classname="com.test.pageTests.Home"/>
  <testcase name="TC_3" time="2.193" classname="com.test.pageTests.Home"/>
</testsuite> <!-- Default test -->
