<?xml version="1.0" encoding="UTF-8"?>
<testng-results skipped="0" failed="0" ignored="0" total="3" passed="3">
  <reporter-output>
  </reporter-output>
  <suite name="Suite" duration-ms="13193" started-at="2021-06-09T09:58:26 EDT" finished-at="2021-06-09T09:58:39 EDT">
    <groups>
    </groups>
    <test name="Test" duration-ms="13193" started-at="2021-06-09T09:58:26 EDT" finished-at="2021-06-09T09:58:39 EDT">
      <class name="com.test.pageTests.Home">
        <test-method status="PASS" signature="setAppConfig()[pri:0, instance:com.test.pageTests.Home@4e718207]" name="setAppConfig" is-config="true" duration-ms="2868" started-at="2021-06-09T09:58:23 EDT" finished-at="2021-06-09T09:58:26 EDT">
          <reporter-output>
          </reporter-output>
        </test-method> <!-- setAppConfig -->
        <test-method status="PASS" signature="set_loginDependencies()[pri:0, instance:com.test.pageTests.Home@4e718207]" name="set_loginDependencies" is-config="true" duration-ms="3120" started-at="2021-06-09T09:58:26 EDT" finished-at="2021-06-09T09:58:29 EDT">
          <reporter-output>
          </reporter-output>
        </test-method> <!-- set_loginDependencies -->
        <test-method status="PASS" signature="TC_1()[pri:1, instance:com.test.pageTests.Home@4e718207]" name="TC_1" duration-ms="3863" started-at="2021-06-09T09:58:29 EDT" finished-at="2021-06-09T09:58:33 EDT">
          <reporter-output>
          </reporter-output>
        </test-method> <!-- TC_1 -->
        <test-method status="PASS" signature="TC_2()[pri:2, instance:com.test.pageTests.Home@4e718207]" name="TC_2" duration-ms="3917" started-at="2021-06-09T09:58:33 EDT" finished-at="2021-06-09T09:58:37 EDT">
          <reporter-output>
          </reporter-output>
        </test-method> <!-- TC_2 -->
        <test-method status="PASS" signature="TC_3()[pri:3, instance:com.test.pageTests.Home@4e718207]" name="TC_3" duration-ms="2220" started-at="2021-06-09T09:58:37 EDT" finished-at="2021-06-09T09:58:39 EDT">
          <reporter-output>
          </reporter-output>
        </test-method> <!-- TC_3 -->
        <test-method status="PASS" signature="quitApp()[pri:0, instance:com.test.pageTests.Home@4e718207]" name="quitApp" is-config="true" duration-ms="780" started-at="2021-06-09T09:58:39 EDT" finished-at="2021-06-09T09:58:40 EDT">
          <reporter-output>
          </reporter-output>
        </test-method> <!-- quitApp -->
      </class> <!-- com.test.pageTests.Home -->
    </test> <!-- Test -->
  </suite> <!-- Suite -->
</testng-results>
